D:\CSHARP\MP3JACKET\JPEGLIB\LIB\LIBJPEGMTD.LIB
D:\CSharp\MP3Jacket\JpegLib\source\Debug MT\cl.command.1.tlog
D:\CSharp\MP3Jacket\JpegLib\source\Debug MT\CL.read.1.tlog
D:\CSharp\MP3Jacket\JpegLib\source\Debug MT\CL.write.1.tlog
D:\CSHARP\MP3JACKET\JPEGLIB\SOURCE\DEBUG MT\JARICOM.OBJ
D:\CSHARP\MP3JACKET\JPEGLIB\SOURCE\DEBUG MT\JCAPIMIN.OBJ
D:\CSHARP\MP3JACKET\JPEGLIB\SOURCE\DEBUG MT\JCAPISTD.OBJ
D:\CSHARP\MP3JACKET\JPEGLIB\SOURCE\DEBUG MT\JCARITH.OBJ
D:\CSHARP\MP3JACKET\JPEGLIB\SOURCE\DEBUG MT\JCCOEFCT.OBJ
D:\CSHARP\MP3JACKET\JPEGLIB\SOURCE\DEBUG MT\JCCOLOR.OBJ
D:\CSHARP\MP3JACKET\JPEGLIB\SOURCE\DEBUG MT\JCDCTMGR.OBJ
D:\CSHARP\MP3JACKET\JPEGLIB\SOURCE\DEBUG MT\JCHUFF.OBJ
D:\CSHARP\MP3JACKET\JPEGLIB\SOURCE\DEBUG MT\JCINIT.OBJ
D:\CSHARP\MP3JACKET\JPEGLIB\SOURCE\DEBUG MT\JCMAINCT.OBJ
D:\CSHARP\MP3JACKET\JPEGLIB\SOURCE\DEBUG MT\JCMARKER.OBJ
D:\CSHARP\MP3JACKET\JPEGLIB\SOURCE\DEBUG MT\JCMASTER.OBJ
D:\CSHARP\MP3JACKET\JPEGLIB\SOURCE\DEBUG MT\JCOMAPI.OBJ
D:\CSHARP\MP3JACKET\JPEGLIB\SOURCE\DEBUG MT\JCPARAM.OBJ
D:\CSHARP\MP3JACKET\JPEGLIB\SOURCE\DEBUG MT\JCPHUFF.OBJ
D:\CSHARP\MP3JACKET\JPEGLIB\SOURCE\DEBUG MT\JCPREPCT.OBJ
D:\CSHARP\MP3JACKET\JPEGLIB\SOURCE\DEBUG MT\JCSAMPLE.OBJ
D:\CSHARP\MP3JACKET\JPEGLIB\SOURCE\DEBUG MT\JCTRANS.OBJ
D:\CSHARP\MP3JACKET\JPEGLIB\SOURCE\DEBUG MT\JDAPIMIN.OBJ
D:\CSHARP\MP3JACKET\JPEGLIB\SOURCE\DEBUG MT\JDAPISTD.OBJ
D:\CSHARP\MP3JACKET\JPEGLIB\SOURCE\DEBUG MT\JDARITH.OBJ
D:\CSHARP\MP3JACKET\JPEGLIB\SOURCE\DEBUG MT\JDATADST.OBJ
D:\CSHARP\MP3JACKET\JPEGLIB\SOURCE\DEBUG MT\JDATASRC.OBJ
D:\CSHARP\MP3JACKET\JPEGLIB\SOURCE\DEBUG MT\JDCOEFCT.OBJ
D:\CSHARP\MP3JACKET\JPEGLIB\SOURCE\DEBUG MT\JDCOLOR.OBJ
D:\CSHARP\MP3JACKET\JPEGLIB\SOURCE\DEBUG MT\JDDCTMGR.OBJ
D:\CSHARP\MP3JACKET\JPEGLIB\SOURCE\DEBUG MT\JDHUFF.OBJ
D:\CSHARP\MP3JACKET\JPEGLIB\SOURCE\DEBUG MT\JDINPUT.OBJ
D:\CSHARP\MP3JACKET\JPEGLIB\SOURCE\DEBUG MT\JDMAINCT.OBJ
D:\CSHARP\MP3JACKET\JPEGLIB\SOURCE\DEBUG MT\JDMARKER.OBJ
D:\CSHARP\MP3JACKET\JPEGLIB\SOURCE\DEBUG MT\JDMASTER.OBJ
D:\CSHARP\MP3JACKET\JPEGLIB\SOURCE\DEBUG MT\JDMERGE.OBJ
D:\CSHARP\MP3JACKET\JPEGLIB\SOURCE\DEBUG MT\JDPHUFF.OBJ
D:\CSHARP\MP3JACKET\JPEGLIB\SOURCE\DEBUG MT\JDPOSTCT.OBJ
D:\CSHARP\MP3JACKET\JPEGLIB\SOURCE\DEBUG MT\JDSAMPLE.OBJ
D:\CSHARP\MP3JACKET\JPEGLIB\SOURCE\DEBUG MT\JDTRANS.OBJ
D:\CSHARP\MP3JACKET\JPEGLIB\SOURCE\DEBUG MT\JERROR.OBJ
D:\CSHARP\MP3JACKET\JPEGLIB\SOURCE\DEBUG MT\JFDCTFLT.OBJ
D:\CSHARP\MP3JACKET\JPEGLIB\SOURCE\DEBUG MT\JFDCTFST.OBJ
D:\CSHARP\MP3JACKET\JPEGLIB\SOURCE\DEBUG MT\JFDCTINT.OBJ
D:\CSHARP\MP3JACKET\JPEGLIB\SOURCE\DEBUG MT\JIDCTFLT.OBJ
D:\CSHARP\MP3JACKET\JPEGLIB\SOURCE\DEBUG MT\JIDCTFST.OBJ
D:\CSHARP\MP3JACKET\JPEGLIB\SOURCE\DEBUG MT\JIDCTINT.OBJ
D:\CSHARP\MP3JACKET\JPEGLIB\SOURCE\DEBUG MT\JMEMANSI.OBJ
D:\CSHARP\MP3JACKET\JPEGLIB\SOURCE\DEBUG MT\JMEMMGR.OBJ
D:\CSHARP\MP3JACKET\JPEGLIB\SOURCE\DEBUG MT\JQUANT1.OBJ
D:\CSHARP\MP3JACKET\JPEGLIB\SOURCE\DEBUG MT\JQUANT2.OBJ
D:\CSHARP\MP3JACKET\JPEGLIB\SOURCE\DEBUG MT\JUTILS.OBJ
D:\CSharp\MP3Jacket\JpegLib\source\Debug MT\lib.command.1.tlog
D:\CSharp\MP3Jacket\JpegLib\source\Debug MT\Lib-link.read.1.tlog
D:\CSharp\MP3Jacket\JpegLib\source\Debug MT\Lib-link.write.1.tlog
D:\CSharp\MP3Jacket\JpegLib\source\Debug MT\vc100.idb
D:\CSHARP\MP3JACKET\JPEGLIB\SOURCE\DEBUG MT\VC100.PDB
