2015/08/07 15:19:33 にビルドを開始しました。
     1>ノード 2 上のプロジェクト "D:\Workspace\MP3Jacket\JpegLib\source\libjpeg.vcxproj" (Build ターゲット)。
     1>PreBuildEvent:
         copy jconfig.vc jconfig.h
         :VCEnd
                 1 個のファイルをコピーしました。
       ClCompile:
         C:\VS14\VC\bin\CL.exe /c /I..\include /ZI /nologo /W3 /WX- /Od /Oy- /D WIN32 /D _DEBUG /D _LIB /D _CRT_SECURE_NO_WARNINGS /D _MBCS /Gm /EHsc /RTC1 /MTd /GS /fp:precise /Zc:wchar_t /Zc:forScope /Zc:inline /Fo"Debug MT\\" /Fd"Debug MT\libjpeg.pdb" /Gd /TC /analyze- /errorReport:prompt jaricom.c jcapimin.c jcapistd.c jcarith.c jccoefct.c jccolor.c jcdctmgr.c jchuff.c jcinit.c jcmainct.c jcmarker.c jcmaster.c jcomapi.c jcparam.c jcphuff.c jcprepct.c jcsample.c jctrans.c jdapimin.c jdapistd.c jdarith.c jdatadst.c jdatasrc.c jdcoefct.c jdcolor.c jddctmgr.c jdhuff.c jdinput.c jdmainct.c jdmarker.c jdmaster.c jdmerge.c jdphuff.c jdpostct.c jdsample.c jdtrans.c jerror.c jfdctflt.c jfdctfst.c jfdctint.c jidctflt.c jidctfst.c jidctint.c jidctred.c jmemansi.c jmemmgr.c jquant1.c jquant2.c jutils.c
         jutils.c
         jquant2.c
         jquant1.c
         jmemmgr.c
         jmemansi.c
         jidctred.c
         jidctint.c
         jidctfst.c
         jidctflt.c
         jfdctint.c
         jfdctfst.c
         jfdctflt.c
         jerror.c
         jdtrans.c
         jdsample.c
         jdpostct.c
         jdphuff.c
         jdmerge.c
         jdmaster.c
         jdmarker.c
         コードを生成中...
         コンパイル中...
         jdmainct.c
         jdinput.c
         jdhuff.c
         jddctmgr.c
         jdcolor.c
         jdcoefct.c
         jdatasrc.c
         jdatadst.c
         jdarith.c
         jdapistd.c
         jdapimin.c
         jctrans.c
         jcsample.c
         jcprepct.c
         jcphuff.c
         jcparam.c
         jcomapi.c
         jcmaster.c
         jcmarker.c
         jcmainct.c
         コードを生成中...
         コンパイル中...
         jcinit.c
         jchuff.c
         jcdctmgr.c
         jccolor.c
         jccoefct.c
         jcarith.c
         jcapistd.c
         jcapimin.c
         jaricom.c
         コードを生成中...
     1>C:\Program Files (x86)\MSBuild\Microsoft.Cpp\v4.0\V140\Microsoft.CppBuild.targets(1357,5): warning MSB8012: TargetPath(D:\Workspace\MP3Jacket\Debug MT\libjpeg.lib) does not match the Library's OutputFile property value (D:\Workspace\MP3Jacket\JpegLib\lib\libjpegmtd.lib). This may cause your project to build incorrectly. To correct this, please make sure that $(OutDir), $(TargetName) and $(TargetExt) property values match the value specified in %(Lib.OutputFile).
     1>C:\Program Files (x86)\MSBuild\Microsoft.Cpp\v4.0\V140\Microsoft.CppBuild.targets(1359,5): warning MSB8012: TargetName(libjpeg) does not match the Library's OutputFile property value (libjpegmtd). This may cause your project to build incorrectly. To correct this, please make sure that $(OutDir), $(TargetName) and $(TargetExt) property values match the value specified in %(Lib.OutputFile).
       Lib:
         C:\VS14\VC\bin\Lib.exe /OUT:"..\lib\libjpegmtd.lib" /NOLOGO "Debug MT\jaricom.obj"
         "Debug MT\jcapimin.obj"
         "Debug MT\jcapistd.obj"
         "Debug MT\jcarith.obj"
         "Debug MT\jccoefct.obj"
         "Debug MT\jccolor.obj"
         "Debug MT\jcdctmgr.obj"
         "Debug MT\jchuff.obj"
         "Debug MT\jcinit.obj"
         "Debug MT\jcmainct.obj"
         "Debug MT\jcmarker.obj"
         "Debug MT\jcmaster.obj"
         "Debug MT\jcomapi.obj"
         "Debug MT\jcparam.obj"
         "Debug MT\jcphuff.obj"
         "Debug MT\jcprepct.obj"
         "Debug MT\jcsample.obj"
         "Debug MT\jctrans.obj"
         "Debug MT\jdapimin.obj"
         "Debug MT\jdapistd.obj"
         "Debug MT\jdarith.obj"
         "Debug MT\jdatadst.obj"
         "Debug MT\jdatasrc.obj"
         "Debug MT\jdcoefct.obj"
         "Debug MT\jdcolor.obj"
         "Debug MT\jddctmgr.obj"
         "Debug MT\jdhuff.obj"
         "Debug MT\jdinput.obj"
         "Debug MT\jdmainct.obj"
         "Debug MT\jdmarker.obj"
         "Debug MT\jdmaster.obj"
         "Debug MT\jdmerge.obj"
         "Debug MT\jdphuff.obj"
         "Debug MT\jdpostct.obj"
         "Debug MT\jdsample.obj"
         "Debug MT\jdtrans.obj"
         "Debug MT\jerror.obj"
         "Debug MT\jfdctflt.obj"
         "Debug MT\jfdctfst.obj"
         "Debug MT\jfdctint.obj"
         "Debug MT\jidctflt.obj"
         "Debug MT\jidctfst.obj"
         "Debug MT\jidctint.obj"
         "Debug MT\jidctred.obj"
         "Debug MT\jmemansi.obj"
         "Debug MT\jmemmgr.obj"
         "Debug MT\jquant1.obj"
         "Debug MT\jquant2.obj"
         "Debug MT\jutils.obj"
     1>jidctint.obj : warning LNK4006: _jpeg_idct_1x1 は jidctred.obj で定義されています。2 つ目以降の定義は無視されます。
     1>jidctint.obj : warning LNK4006: _jpeg_idct_2x2 は jidctred.obj で定義されています。2 つ目以降の定義は無視されます。
     1>jidctint.obj : warning LNK4006: _jpeg_idct_4x4 は jidctred.obj で定義されています。2 つ目以降の定義は無視されます。
         libjpeg.vcxproj -> D:\Workspace\MP3Jacket\Debug MT\libjpeg.lib
     1>プロジェクト "D:\Workspace\MP3Jacket\JpegLib\source\libjpeg.vcxproj" (Build ターゲット) のビルドが完了しました。

ビルドに成功しました。

経過時間 00:00:02.36
